#
# There is insufficient memory for the Java Runtime Environment to continue.
# Native memory allocation (malloc) failed to allocate 1048576 bytes. Error detail: AllocateHeap
# Possible reasons:
#   The system is out of physical RAM or swap space
#   This process is running with CompressedOops enabled, and the Java Heap may be blocking the growth of the native heap
# Possible solutions:
#   Reduce memory load on the system
#   Increase physical memory or swap space
#   Check if swap backing store is full
#   Decrease Java heap size (-Xmx/-Xms)
#   Decrease number of Java threads
#   Decrease Java thread stack sizes (-Xss)
#   Set larger code cache with -XX:ReservedCodeCacheSize=
#   JVM is running with Unscaled Compressed Oops mode in which the Java heap is
#     placed in the first 4GB address space. The Java Heap base address is the
#     maximum limit for the native heap growth. Please use -XX:HeapBaseMinAddress
#     to set the Java Heap base and to place the Java Heap above 4GB virtual address.
# This output file may be truncated or incomplete.
#
#  Out of Memory Error (allocation.cpp:44), pid=34924, tid=36340
#
# JRE version: OpenJDK Runtime Environment Temurin-21.0.9+10 (21.0.9+10) (build 21.0.9+10-LTS)
# Java VM: OpenJDK 64-Bit Server VM Temurin-21.0.9+10 (21.0.9+10-LTS, mixed mode, sharing, tiered, compressed oops, compressed class ptrs, parallel gc, windows-amd64)
# No core dump will be written. Minidumps are not enabled by default on client versions of Windows
#

---------------  S U M M A R Y ------------

Command Line: --add-modules=ALL-SYSTEM --add-opens=java.base/java.util=ALL-UNNAMED --add-opens=java.base/java.lang=ALL-UNNAMED --add-opens=java.base/sun.nio.fs=ALL-UNNAMED -Declipse.application=org.eclipse.jdt.ls.core.id1 -Dosgi.bundles.defaultStartLevel=4 -Declipse.product=org.eclipse.jdt.ls.core.product -Djava.import.generatesMetadataFilesAtProjectRoot=false -DDetectVMInstallationsJob.disabled=true -Dfile.encoding=utf8 -XX:+UseParallelGC -XX:GCTimeRatio=4 -XX:AdaptiveSizePolicyWeight=90 -Dsun.zip.disableMemoryMapping=true -Xmx2G -Xms100m -Xlog:disable -javaagent:c:\Users\renji\.vscode\extensions\redhat.java-1.50.0-win32-x64\lombok\lombok-1.18.39-4050.jar -XX:+HeapDumpOnOutOfMemoryError -XX:HeapDumpPath=c:\Users\renji\AppData\Roaming\Code\User\workspaceStorage\20951a12df773ad762ec7953bd248474\redhat.java -Daether.dependencyCollector.impl=bf c:\Users\renji\.vscode\extensions\redhat.java-1.50.0-win32-x64\server\plugins\org.eclipse.equinox.launcher_1.7.100.v20251111-0406.jar -configuration c:\Users\renji\AppData\Roaming\Code\User\globalStorage\redhat.java\1.50.0\config_win -data c:\Users\renji\AppData\Roaming\Code\User\workspaceStorage\20951a12df773ad762ec7953bd248474\redhat.java\jdt_ws --pipe=\\.\pipe\lsp-11cf0264dda2c3efc3ee2e49fd3f5f46-sock

Host: 11th Gen Intel(R) Core(TM) i5-1135G7 @ 2.40GHz, 8 cores, 7G,  Windows 11 , 64 bit Build 22621 (10.0.22621.5415)
Time: Fri Jan  2 20:34:00 2026 India Standard Time elapsed time: 14562.882481 seconds (0d 4h 2m 42s)

---------------  T H R E A D  ---------------

Current thread (0x000001f86359c760):  JavaThread "Attach Listener" daemon [_thread_in_vm, id=36340, stack(0x0000002052900000,0x0000002052a00000) (1024K)]

Stack: [0x0000002052900000,0x0000002052a00000]
Native frames: (J=compiled Java code, j=interpreted, Vv=VM code, C=native code)
V  [jvm.dll+0x6d6e29]
V  [jvm.dll+0x8b4b76]
V  [jvm.dll+0x8b712e]
V  [jvm.dll+0x8b7813]
V  [jvm.dll+0x283d86]
V  [jvm.dll+0xc1277]
V  [jvm.dll+0x6d76d9]
V  [jvm.dll+0x133466]
V  [jvm.dll+0x3f7ea6]
V  [jvm.dll+0x85e9ad]
V  [jvm.dll+0x6d565d]
C  [ucrtbase.dll+0x29333]
C  [KERNEL32.DLL+0x1259d]
C  [ntdll.dll+0x5af78]


---------------  P R O C E S S  ---------------

Threads class SMR info:
_java_thread_list=0x000001f86dc68660, length=35, elements={
0x000001f84cb29000, 0x000001f863598400, 0x000001f84cbdd690, 0x000001f86359b830,
0x000001f86359c760, 0x000001f86359f420, 0x000001f8635a01e0, 0x000001f8635a2180,
0x000001f8635a5870, 0x000001f8691bd370, 0x000001f869303530, 0x000001f869a98c30,
0x000001f8698e2f70, 0x000001f8698e0be0, 0x000001f8698e1240, 0x000001f869cbbf70,
0x000001f86a04d6c0, 0x000001f869accb20, 0x000001f869acb770, 0x000001f869acbe00,
0x000001f869aca3c0, 0x000001f869e10f50, 0x000001f869e0f510, 0x000001f869e0d440,
0x000001f869e0e7f0, 0x000001f869e0ee80, 0x000001f869e0c090, 0x000001f869e115e0,
0x000001f869e0c720, 0x000001f869e0ba00, 0x000001f869e0fba0, 0x000001f869e0cdb0,
0x000001f86b2666f0, 0x000001f86b2659d0, 0x000001f86b267410
}

Java Threads: ( => current thread )
  0x000001f84cb29000 JavaThread "main"                              [_thread_blocked, id=36692, stack(0x0000002052200000,0x0000002052300000) (1024K)]
  0x000001f863598400 JavaThread "Reference Handler"          daemon [_thread_blocked, id=42556, stack(0x0000002052600000,0x0000002052700000) (1024K)]
  0x000001f84cbdd690 JavaThread "Finalizer"                  daemon [_thread_blocked, id=27852, stack(0x0000002052700000,0x0000002052800000) (1024K)]
  0x000001f86359b830 JavaThread "Signal Dispatcher"          daemon [_thread_blocked, id=54632, stack(0x0000002052800000,0x0000002052900000) (1024K)]
=>0x000001f86359c760 JavaThread "Attach Listener"            daemon [_thread_in_vm, id=36340, stack(0x0000002052900000,0x0000002052a00000) (1024K)]
  0x000001f86359f420 JavaThread "Service Thread"             daemon [_thread_blocked, id=55520, stack(0x0000002052a00000,0x0000002052b00000) (1024K)]
  0x000001f8635a01e0 JavaThread "Monitor Deflation Thread"   daemon [_thread_blocked, id=9872, stack(0x0000002052b00000,0x0000002052c00000) (1024K)]
  0x000001f8635a2180 JavaThread "C2 CompilerThread0"         daemon [_thread_blocked, id=47928, stack(0x0000002052c00000,0x0000002052d00000) (1024K)]
  0x000001f8635a5870 JavaThread "C1 CompilerThread0"         daemon [_thread_blocked, id=37368, stack(0x0000002052d00000,0x0000002052e00000) (1024K)]
  0x000001f8691bd370 JavaThread "Common-Cleaner"             daemon [_thread_blocked, id=13208, stack(0x0000002052e00000,0x0000002052f00000) (1024K)]
  0x000001f869303530 JavaThread "Notification Thread"        daemon [_thread_blocked, id=49828, stack(0x0000002052f00000,0x0000002053000000) (1024K)]
  0x000001f869a98c30 JavaThread "Active Thread: Equinox Container: 2ca72d59-57a4-47a7-b591-7fb474bb13c7"        [_thread_blocked, id=53644, stack(0x0000002053600000,0x0000002053700000) (1024K)]
  0x000001f8698e2f70 JavaThread "Refresh Thread: Equinox Container: 2ca72d59-57a4-47a7-b591-7fb474bb13c7" daemon [_thread_blocked, id=42976, stack(0x0000002053700000,0x0000002053800000) (1024K)]
  0x000001f8698e0be0 JavaThread "Framework Event Dispatcher: Equinox Container: 2ca72d59-57a4-47a7-b591-7fb474bb13c7" daemon [_thread_blocked, id=34876, stack(0x0000002053900000,0x0000002053a00000) (1024K)]
  0x000001f8698e1240 JavaThread "Start Level: Equinox Container: 2ca72d59-57a4-47a7-b591-7fb474bb13c7" daemon [_thread_blocked, id=37348, stack(0x0000002053a00000,0x0000002053b00000) (1024K)]
  0x000001f869cbbf70 JavaThread "Bundle File Closer"         daemon [_thread_blocked, id=59500, stack(0x0000002053b00000,0x0000002053c00000) (1024K)]
  0x000001f86a04d6c0 JavaThread "SCR Component Actor"        daemon [_thread_blocked, id=38852, stack(0x0000002053c00000,0x0000002053d00000) (1024K)]
  0x000001f869accb20 JavaThread "Worker-JM"                         [_thread_blocked, id=28416, stack(0x0000002053d00000,0x0000002053e00000) (1024K)]
  0x000001f869acb770 JavaThread "Java indexing"              daemon [_thread_blocked, id=22420, stack(0x0000002054000000,0x0000002054100000) (1024K)]
  0x000001f869acbe00 JavaThread "JNA Cleaner"                daemon [_thread_blocked, id=30664, stack(0x0000002054100000,0x0000002054200000) (1024K)]
  0x000001f869aca3c0 JavaThread "Thread-1"                   daemon [_thread_in_native, id=49136, stack(0x0000002054400000,0x0000002054500000) (1024K)]
  0x000001f869e10f50 JavaThread "Thread-2"                   daemon [_thread_in_native, id=17652, stack(0x0000002054500000,0x0000002054600000) (1024K)]
  0x000001f869e0f510 JavaThread "Thread-3"                   daemon [_thread_in_native, id=34496, stack(0x0000002054600000,0x0000002054700000) (1024K)]
  0x000001f869e0d440 JavaThread "Thread-4"                   daemon [_thread_in_native, id=4700, stack(0x0000002054700000,0x0000002054800000) (1024K)]
  0x000001f869e0e7f0 JavaThread "Thread-5"                   daemon [_thread_in_native, id=40488, stack(0x0000002054800000,0x0000002054900000) (1024K)]
  0x000001f869e0ee80 JavaThread "Thread-6"                   daemon [_thread_in_native, id=44860, stack(0x0000002054900000,0x0000002054a00000) (1024K)]
  0x000001f869e0c090 JavaThread "Thread-7"                   daemon [_thread_in_native, id=33892, stack(0x0000002054a00000,0x0000002054b00000) (1024K)]
  0x000001f869e115e0 JavaThread "Thread-8"                   daemon [_thread_in_native, id=46452, stack(0x0000002054b00000,0x0000002054c00000) (1024K)]
  0x000001f869e0c720 JavaThread "Thread-9"                   daemon [_thread_in_native, id=9300, stack(0x0000002054c00000,0x0000002054d00000) (1024K)]
  0x000001f869e0ba00 JavaThread "pool-2-thread-1"                   [_thread_blocked, id=20796, stack(0x0000002054d00000,0x0000002054e00000) (1024K)]
  0x000001f869e0fba0 JavaThread "WorkspaceEventsHandler"            [_thread_blocked, id=48748, stack(0x0000002054f00000,0x0000002055000000) (1024K)]
  0x000001f869e0cdb0 JavaThread "pool-1-thread-1"                   [_thread_blocked, id=60292, stack(0x0000002055000000,0x0000002055100000) (1024K)]
  0x000001f86b2666f0 JavaThread "Worker-6"                          [_thread_blocked, id=54488, stack(0x0000002051f00000,0x0000002052000000) (1024K)]
  0x000001f86b2659d0 JavaThread "Worker-7"                          [_thread_blocked, id=48420, stack(0x0000002052000000,0x0000002052100000) (1024K)]
  0x000001f86b267410 JavaThread "Cleaner-0"                  daemon [_thread_blocked, id=23112, stack(0x0000002055500000,0x0000002055600000) (1024K)]
Total: 35

Other Threads:
  0x000001f863593360 VMThread "VM Thread"                           [id=21820, stack(0x0000002052500000,0x0000002052600000) (1024K)]
  0x000001f84cb97820 WatcherThread "VM Periodic Task Thread"        [id=8344, stack(0x0000002052400000,0x0000002052500000) (1024K)]
  0x000001f84cb4a290 WorkerThread "GC Thread#0"                     [id=51524, stack(0x0000002052300000,0x0000002052400000) (1024K)]
  0x000001f8694b7550 WorkerThread "GC Thread#1"                     [id=6536, stack(0x0000002053000000,0x0000002053100000) (1024K)]
  0x000001f8694b78f0 WorkerThread "GC Thread#2"                     [id=55628, stack(0x0000002053100000,0x0000002053200000) (1024K)]
  0x000001f8696a7fe0 WorkerThread "GC Thread#3"                     [id=36508, stack(0x0000002053200000,0x0000002053300000) (1024K)]
  0x000001f8696a8380 WorkerThread "GC Thread#4"                     [id=35488, stack(0x0000002053300000,0x0000002053400000) (1024K)]
  0x000001f8696a8720 WorkerThread "GC Thread#5"                     [id=52068, stack(0x0000002053400000,0x0000002053500000) (1024K)]
  0x000001f8695b9420 WorkerThread "GC Thread#6"                     [id=32552, stack(0x0000002053500000,0x0000002053600000) (1024K)]
  0x000001f86986c2f0 WorkerThread "GC Thread#7"                     [id=21080, stack(0x0000002053800000,0x0000002053900000) (1024K)]
Total: 10

Threads with active compile tasks:
Total: 0

VM state: not at safepoint (normal execution)

VM Mutex/Monitor currently owned by a thread: None

Heap address: 0x0000000080000000, size: 2048 MB, Compressed Oops mode: 32-bit

CDS archive(s) mapped at: [0x000001f800000000-0x000001f800ba0000-0x000001f800ba0000), size 12189696, SharedBaseAddress: 0x000001f800000000, ArchiveRelocationMode: 1.
Compressed class space mapped at: 0x000001f801000000-0x000001f841000000, reserved size: 1073741824
Narrow klass base: 0x000001f800000000, Narrow klass shift: 0, Narrow klass range: 0x100000000

GC Precious Log:
 CardTable entry size: 512
 CPUs: 8 total, 8 available
 Memory: 7991M
 Large Page Support: Disabled
 NUMA Support: Disabled
 Compressed Oops: Enabled (32-bit)
 Alignments: Space 512K, Generation 512K, Heap 2M
 Heap Min Capacity: 100M
 Heap Initial Capacity: 100M
 Heap Max Capacity: 2G
 Pre-touch: Disabled
 Parallel Workers: 8

Heap:
 PSYoungGen      total 6656K, used 5821K [0x00000000d5580000, 0x00000000d5c80000, 0x0000000100000000)
  eden space 6144K, 87% used [0x00000000d5580000,0x00000000d5ac7658,0x00000000d5b80000)
  from space 512K, 81% used [0x00000000d5c00000,0x00000000d5c68020,0x00000000d5c80000)
  to   space 512K, 0% used [0x00000000d5b80000,0x00000000d5b80000,0x00000000d5c00000)
 ParOldGen       total 1030656K, used 1025577K [0x0000000080000000, 0x00000000bee80000, 0x00000000d5580000)
  object space 1030656K, 99% used [0x0000000080000000,0x00000000be98a588,0x00000000bee80000)
 Metaspace       used 78200K, committed 79936K, reserved 1179648K
  class space    used 8271K, committed 9024K, reserved 1048576K

Card table byte_map: [0x000001f84c4d0000,0x000001f84c8e0000] _byte_map_base: 0x000001f84c0d0000

Marking Bits: (ParMarkBitMap*) 0x00007ff8b24b2460
 Begin Bits: [0x000001f85efd0000, 0x000001f860fd0000)
 End Bits:   [0x000001f860fd0000, 0x000001f862fd0000)

Polling page: 0x000001f84ab90000

Metaspace:

Usage:
  Non-class:     68.29 MB used.
      Class:      8.08 MB used.
       Both:     76.37 MB used.

Virtual space:
  Non-class space:      128.00 MB reserved,      69.25 MB ( 54%) committed,  2 nodes.
      Class space:        1.00 GB reserved,       8.81 MB ( <1%) committed,  1 nodes.
             Both:        1.12 GB reserved,      78.06 MB (  7%) committed. 

Chunk freelists:
   Non-Class:  9.86 MB
       Class:  7.16 MB
        Both:  17.01 MB

MaxMetaspaceSize: unlimited
CompressedClassSpaceSize: 1.00 GB
Initial GC threshold: 21.00 MB
Current GC threshold: 97.31 MB
CDS: on
 - commit_granule_bytes: 65536.
 - commit_granule_words: 8192.
 - virtual_space_node_default_size: 8388608.
 - enlarge_chunks_in_place: 1.
 - use_allocation_guard: 0.


Internal statistics:

num_allocs_failed_limit: 9.
num_arena_births: 1438.
num_arena_deaths: 16.
num_vsnodes_births: 3.
num_vsnodes_deaths: 0.
num_space_committed: 1249.
num_space_uncommitted: 0.
num_chunks_returned_to_freelist: 26.
num_chunks_taken_from_freelist: 4975.
num_chunk_merges: 8.
num_chunk_splits: 3072.
num_chunks_enlarged: 1776.
num_inconsistent_stats: 0.

CodeHeap 'non-profiled nmethods': size=120000Kb used=12147Kb max_used=12147Kb free=107852Kb
 bounds [0x000001f8577f0000, 0x000001f8583d0000, 0x000001f85ed20000]
CodeHeap 'profiled nmethods': size=120000Kb used=35029Kb max_used=35029Kb free=84970Kb
 bounds [0x000001f84fd20000, 0x000001f851f60000, 0x000001f857250000]
CodeHeap 'non-nmethods': size=5760Kb used=1508Kb max_used=1579Kb free=4251Kb
 bounds [0x000001f857250000, 0x000001f8574c0000, 0x000001f8577f0000]
CodeCache: size=245760Kb, used=48684Kb, max_used=48755Kb, free=197073Kb
 total_blobs=16338, nmethods=15516, adapters=727, full_count=0
Compilation: enabled, stopped_count=0, restarted_count=0

Compilation events (20 events):
Event: 7927.809 Thread 0x000001f8635a5870 16173       3       java.lang.ClassLoader::getPlatformClassLoader (21 bytes)
Event: 7927.810 Thread 0x000001f8635a5870 nmethod 16173 0x000001f851f50010 code [0x000001f851f501e0, 0x000001f851f50470]
Event: 8000.600 Thread 0x000001f8635a2180 16174       4       java.util.concurrent.ThreadPoolExecutor::afterExecute (1 bytes)
Event: 8000.600 Thread 0x000001f8635a2180 nmethod 16174 0x000001f8583cbc90 code [0x000001f8583cbe20, 0x000001f8583cbea8]
Event: 8212.049 Thread 0x000001f8635a5870 16175   !   3       jdk.internal.ref.PhantomCleanable::isListEmpty (34 bytes)
Event: 8212.054 Thread 0x000001f8635a5870 nmethod 16175 0x000001f851f50590 code [0x000001f851f50740, 0x000001f851f50998]
Event: 8212.054 Thread 0x000001f8635a5870 16176       3       jdk.internal.misc.InnocuousThread::eraseThreadLocals (23 bytes)
Event: 8212.055 Thread 0x000001f8635a5870 nmethod 16176 0x000001f851f50a90 code [0x000001f851f50c20, 0x000001f851f50d88]
Event: 9441.809 Thread 0x000001f8635a2180 16177       4       java.util.concurrent.ThreadPoolExecutor::runStateAtLeast (11 bytes)
Event: 9441.810 Thread 0x000001f8635a2180 nmethod 16177 0x000001f8583cbf90 code [0x000001f8583cc100, 0x000001f8583cc178]
Event: 10778.595 Thread 0x000001f8635a2180 16178       4       java.util.concurrent.locks.LockSupport::setBlocker (12 bytes)
Event: 10778.596 Thread 0x000001f8635a2180 nmethod 16178 0x000001f8583cc290 code [0x000001f8583cc400, 0x000001f8583cc488]
Event: 11524.455 Thread 0x000001f8635a5870 16179   !   3       org.eclipse.osgi.storage.Storage::save0 (246 bytes)
Event: 11524.529 Thread 0x000001f8635a5870 nmethod 16179 0x000001f851f50e10 code [0x000001f851f51320, 0x000001f851f53f08]
Event: 12424.150 Thread 0x000001f8635a2180 16180       4       java.util.concurrent.locks.AbstractQueuedSynchronizer$ConditionObject::canReacquire (38 bytes)
Event: 12424.156 Thread 0x000001f8635a2180 nmethod 16180 0x000001f8583cc590 code [0x000001f8583cc720, 0x000001f8583cc830]
Event: 12924.600 Thread 0x000001f8635a2180 16181       4       java.util.concurrent.ScheduledThreadPoolExecutor::canRunInCurrentRunState (61 bytes)
Event: 12924.614 Thread 0x000001f8635a2180 nmethod 16181 0x000001f8583cc910 code [0x000001f8583ccaa0, 0x000001f8583ccb68]
Event: 13804.003 Thread 0x000001f8635a2180 16182       4       org.eclipse.core.internal.jobs.JobManager::lifeTimeInMs (19 bytes)
Event: 13804.010 Thread 0x000001f8635a2180 nmethod 16182 0x000001f8583ccc90 code [0x000001f8583cce20, 0x000001f8583ccef0]

GC Heap History (20 events):
Event: 1618.359 GC heap before
{Heap before GC invocations=1494 (full 3):
 PSYoungGen      total 5632K, used 5083K [0x00000000d5580000, 0x00000000d6180000, 0x0000000100000000)
  eden space 5120K, 89% used [0x00000000d5580000,0x00000000d59fd0d0,0x00000000d5a80000)
  from space 512K, 95% used [0x00000000d5d80000,0x00000000d5df9ba8,0x00000000d5e00000)
  to   space 3072K, 0% used [0x00000000d5a80000,0x00000000d5a80000,0x00000000d5d80000)
 ParOldGen       total 868352K, used 867878K [0x0000000080000000, 0x00000000b5000000, 0x00000000d5580000)
  object space 868352K, 99% used [0x0000000080000000,0x00000000b4f89810,0x00000000b5000000)
 Metaspace       used 77741K, committed 79424K, reserved 1179648K
  class space    used 8238K, committed 8960K, reserved 1048576K
}
Event: 1618.361 GC heap after
{Heap after GC invocations=1494 (full 3):
 PSYoungGen      total 6144K, used 698K [0x00000000d5580000, 0x00000000d5e00000, 0x0000000100000000)
  eden space 5120K, 0% used [0x00000000d5580000,0x00000000d5580000,0x00000000d5a80000)
  from space 1024K, 68% used [0x00000000d5a80000,0x00000000d5b2e900,0x00000000d5b80000)
  to   space 1536K, 0% used [0x00000000d5c80000,0x00000000d5c80000,0x00000000d5e00000)
 ParOldGen       total 868352K, used 868242K [0x0000000080000000, 0x00000000b5000000, 0x00000000d5580000)
  object space 868352K, 99% used [0x0000000080000000,0x00000000b4fe4a10,0x00000000b5000000)
 Metaspace       used 77741K, committed 79424K, reserved 1179648K
  class space    used 8238K, committed 8960K, reserved 1048576K
}
Event: 1618.366 GC heap before
{Heap before GC invocations=1495 (full 3):
 PSYoungGen      total 6144K, used 5818K [0x00000000d5580000, 0x00000000d5e00000, 0x0000000100000000)
  eden space 5120K, 100% used [0x00000000d5580000,0x00000000d5a80000,0x00000000d5a80000)
  from space 1024K, 68% used [0x00000000d5a80000,0x00000000d5b2e900,0x00000000d5b80000)
  to   space 1536K, 0% used [0x00000000d5c80000,0x00000000d5c80000,0x00000000d5e00000)
 ParOldGen       total 868352K, used 868242K [0x0000000080000000, 0x00000000b5000000, 0x00000000d5580000)
  object space 868352K, 99% used [0x0000000080000000,0x00000000b4fe4a10,0x00000000b5000000)
 Metaspace       used 77741K, committed 79424K, reserved 1179648K
  class space    used 8238K, committed 8960K, reserved 1048576K
}
Event: 1618.367 GC heap after
{Heap after GC invocations=1495 (full 3):
 PSYoungGen      total 5632K, used 352K [0x00000000d5580000, 0x00000000d5d00000, 0x0000000100000000)
  eden space 5120K, 0% used [0x00000000d5580000,0x00000000d5580000,0x00000000d5a80000)
  from space 512K, 68% used [0x00000000d5c80000,0x00000000d5cd8000,0x00000000d5d00000)
  to   space 1024K, 0% used [0x00000000d5b00000,0x00000000d5b00000,0x00000000d5c00000)
 ParOldGen       total 868864K, used 868855K [0x0000000080000000, 0x00000000b5080000, 0x00000000d5580000)
  object space 868864K, 99% used [0x0000000080000000,0x00000000b507dc10,0x00000000b5080000)
 Metaspace       used 77741K, committed 79424K, reserved 1179648K
  class space    used 8238K, committed 8960K, reserved 1048576K
}
Event: 1618.378 GC heap before
{Heap before GC invocations=1496 (full 3):
 PSYoungGen      total 5632K, used 5432K [0x00000000d5580000, 0x00000000d5d00000, 0x0000000100000000)
  eden space 5120K, 99% used [0x00000000d5580000,0x00000000d5a76088,0x00000000d5a80000)
  from space 512K, 68% used [0x00000000d5c80000,0x00000000d5cd8000,0x00000000d5d00000)
  to   space 1024K, 0% used [0x00000000d5b00000,0x00000000d5b00000,0x00000000d5c00000)
 ParOldGen       total 868864K, used 868855K [0x0000000080000000, 0x00000000b5080000, 0x00000000d5580000)
  object space 868864K, 99% used [0x0000000080000000,0x00000000b507dc10,0x00000000b5080000)
 Metaspace       used 77741K, committed 79424K, reserved 1179648K
  class space    used 8238K, committed 8960K, reserved 1048576K
}
Event: 1618.379 GC heap after
{Heap after GC invocations=1496 (full 3):
 PSYoungGen      total 6144K, used 907K [0x00000000d5580000, 0x00000000d5d00000, 0x0000000100000000)
  eden space 5120K, 0% used [0x00000000d5580000,0x00000000d5580000,0x00000000d5a80000)
  from space 1024K, 88% used [0x00000000d5b00000,0x00000000d5be2c58,0x00000000d5c00000)
  to   space 1024K, 0% used [0x00000000d5c00000,0x00000000d5c00000,0x00000000d5d00000)
 ParOldGen       total 870912K, used 870520K [0x0000000080000000, 0x00000000b5280000, 0x00000000d5580000)
  object space 870912K, 99% used [0x0000000080000000,0x00000000b521e038,0x00000000b5280000)
 Metaspace       used 77741K, committed 79424K, reserved 1179648K
  class space    used 8238K, committed 8960K, reserved 1048576K
}
Event: 1618.387 GC heap before
{Heap before GC invocations=1497 (full 3):
 PSYoungGen      total 6144K, used 6027K [0x00000000d5580000, 0x00000000d5d00000, 0x0000000100000000)
  eden space 5120K, 100% used [0x00000000d5580000,0x00000000d5a80000,0x00000000d5a80000)
  from space 1024K, 88% used [0x00000000d5b00000,0x00000000d5be2c58,0x00000000d5c00000)
  to   space 1024K, 0% used [0x00000000d5c00000,0x00000000d5c00000,0x00000000d5d00000)
 ParOldGen       total 870912K, used 870520K [0x0000000080000000, 0x00000000b5280000, 0x00000000d5580000)
  object space 870912K, 99% used [0x0000000080000000,0x00000000b521e038,0x00000000b5280000)
 Metaspace       used 77741K, committed 79424K, reserved 1179648K
  class space    used 8238K, committed 8960K, reserved 1048576K
}
Event: 1618.389 GC heap after
{Heap after GC invocations=1497 (full 3):
 PSYoungGen      total 5632K, used 512K [0x00000000d5580000, 0x00000000d5c80000, 0x0000000100000000)
  eden space 5120K, 0% used [0x00000000d5580000,0x00000000d5580000,0x00000000d5a80000)
  from space 512K, 100% used [0x00000000d5c00000,0x00000000d5c80000,0x00000000d5c80000)
  to   space 1024K, 0% used [0x00000000d5a80000,0x00000000d5a80000,0x00000000d5b80000)
 ParOldGen       total 871424K, used 870956K [0x0000000080000000, 0x00000000b5300000, 0x00000000d5580000)
  object space 871424K, 99% used [0x0000000080000000,0x00000000b528b238,0x00000000b5300000)
 Metaspace       used 77741K, committed 79424K, reserved 1179648K
  class space    used 8238K, committed 8960K, reserved 1048576K
}
Event: 1618.395 GC heap before
{Heap before GC invocations=1498 (full 3):
 PSYoungGen      total 5632K, used 5632K [0x00000000d5580000, 0x00000000d5c80000, 0x0000000100000000)
  eden space 5120K, 100% used [0x00000000d5580000,0x00000000d5a80000,0x00000000d5a80000)
  from space 512K, 100% used [0x00000000d5c00000,0x00000000d5c80000,0x00000000d5c80000)
  to   space 1024K, 0% used [0x00000000d5a80000,0x00000000d5a80000,0x00000000d5b80000)
 ParOldGen       total 871424K, used 870956K [0x0000000080000000, 0x00000000b5300000, 0x00000000d5580000)
  object space 871424K, 99% used [0x0000000080000000,0x00000000b528b238,0x00000000b5300000)
 Metaspace       used 77749K, committed 79424K, reserved 1179648K
  class space    used 8238K, committed 8960K, reserved 1048576K
}
Event: 1618.398 GC heap after
{Heap after GC invocations=1498 (full 3):
 PSYoungGen      total 6144K, used 346K [0x00000000d5580000, 0x00000000d5c80000, 0x0000000100000000)
  eden space 5120K, 0% used [0x00000000d5580000,0x00000000d5580000,0x00000000d5a80000)
  from space 1024K, 33% used [0x00000000d5a80000,0x00000000d5ad6900,0x00000000d5b80000)
  to   space 512K, 0% used [0x00000000d5c00000,0x00000000d5c00000,0x00000000d5c80000)
 ParOldGen       total 871424K, used 871420K [0x0000000080000000, 0x00000000b5300000, 0x00000000d5580000)
  object space 871424K, 99% used [0x0000000080000000,0x00000000b52ff238,0x00000000b5300000)
 Metaspace       used 77749K, committed 79424K, reserved 1179648K
  class space    used 8238K, committed 8960K, reserved 1048576K
}
Event: 1618.404 GC heap before
{Heap before GC invocations=1499 (full 3):
 PSYoungGen      total 6144K, used 5466K [0x00000000d5580000, 0x00000000d5c80000, 0x0000000100000000)
  eden space 5120K, 100% used [0x00000000d5580000,0x00000000d5a80000,0x00000000d5a80000)
  from space 1024K, 33% used [0x00000000d5a80000,0x00000000d5ad6900,0x00000000d5b80000)
  to   space 512K, 0% used [0x00000000d5c00000,0x00000000d5c00000,0x00000000d5c80000)
 ParOldGen       total 871424K, used 871420K [0x0000000080000000, 0x00000000b5300000, 0x00000000d5580000)
  object space 871424K, 99% used [0x0000000080000000,0x00000000b52ff238,0x00000000b5300000)
 Metaspace       used 77749K, committed 79424K, reserved 1179648K
  class space    used 8238K, committed 8960K, reserved 1048576K
}
Event: 1618.406 GC heap after
{Heap after GC invocations=1499 (full 3):
 PSYoungGen      total 6656K, used 160K [0x00000000d5580000, 0x00000000d5c80000, 0x0000000100000000)
  eden space 6144K, 0% used [0x00000000d5580000,0x00000000d5580000,0x00000000d5b80000)
  from space 512K, 31% used [0x00000000d5c00000,0x00000000d5c28000,0x00000000d5c80000)
  to   space 512K, 0% used [0x00000000d5b80000,0x00000000d5b80000,0x00000000d5c00000)
 ParOldGen       total 871936K, used 871617K [0x0000000080000000, 0x00000000b5380000, 0x00000000d5580000)
  object space 871936K, 99% used [0x0000000080000000,0x00000000b5330438,0x00000000b5380000)
 Metaspace       used 77749K, committed 79424K, reserved 1179648K
  class space    used 8238K, committed 8960K, reserved 1048576K
}
Event: 1618.890 GC heap before
{Heap before GC invocations=1500 (full 3):
 PSYoungGen      total 6656K, used 6303K [0x00000000d5580000, 0x00000000d5c80000, 0x0000000100000000)
  eden space 6144K, 99% used [0x00000000d5580000,0x00000000d5b7ffe8,0x00000000d5b80000)
  from space 512K, 31% used [0x00000000d5c00000,0x00000000d5c28000,0x00000000d5c80000)
  to   space 512K, 0% used [0x00000000d5b80000,0x00000000d5b80000,0x00000000d5c00000)
 ParOldGen       total 871936K, used 871617K [0x0000000080000000, 0x00000000b5380000, 0x00000000d5580000)
  object space 871936K, 99% used [0x0000000080000000,0x00000000b5330438,0x00000000b5380000)
 Metaspace       used 77927K, committed 79680K, reserved 1179648K
  class space    used 8262K, committed 9024K, reserved 1048576K
}
Event: 1618.892 GC heap after
{Heap after GC invocations=1500 (full 3):
 PSYoungGen      total 6656K, used 448K [0x00000000d5580000, 0x00000000d5c80000, 0x0000000100000000)
  eden space 6144K, 0% used [0x00000000d5580000,0x00000000d5580000,0x00000000d5b80000)
  from space 512K, 87% used [0x00000000d5b80000,0x00000000d5bf0040,0x00000000d5c00000)
  to   space 512K, 0% used [0x00000000d5c00000,0x00000000d5c00000,0x00000000d5c80000)
 ParOldGen       total 871936K, used 871641K [0x0000000080000000, 0x00000000b5380000, 0x00000000d5580000)
  object space 871936K, 99% used [0x0000000080000000,0x00000000b5336438,0x00000000b5380000)
 Metaspace       used 77927K, committed 79680K, reserved 1179648K
  class space    used 8262K, committed 9024K, reserved 1048576K
}
Event: 1621.532 GC heap before
{Heap before GC invocations=1501 (full 3):
 PSYoungGen      total 6656K, used 6592K [0x00000000d5580000, 0x00000000d5c80000, 0x0000000100000000)
  eden space 6144K, 100% used [0x00000000d5580000,0x00000000d5b80000,0x00000000d5b80000)
  from space 512K, 87% used [0x00000000d5b80000,0x00000000d5bf0040,0x00000000d5c00000)
  to   space 512K, 0% used [0x00000000d5c00000,0x00000000d5c00000,0x00000000d5c80000)
 ParOldGen       total 935424K, used 933081K [0x0000000080000000, 0x00000000b9180000, 0x00000000d5580000)
  object space 935424K, 99% used [0x0000000080000000,0x00000000b8f36498,0x00000000b9180000)
 Metaspace       used 78035K, committed 79808K, reserved 1179648K
  class space    used 8270K, committed 9024K, reserved 1048576K
}
Event: 1621.536 GC heap after
{Heap after GC invocations=1501 (full 3):
 PSYoungGen      total 6656K, used 320K [0x00000000d5580000, 0x00000000d5c80000, 0x0000000100000000)
  eden space 6144K, 0% used [0x00000000d5580000,0x00000000d5580000,0x00000000d5b80000)
  from space 512K, 62% used [0x00000000d5c00000,0x00000000d5c50000,0x00000000d5c80000)
  to   space 512K, 0% used [0x00000000d5b80000,0x00000000d5b80000,0x00000000d5c00000)
 ParOldGen       total 935424K, used 933273K [0x0000000080000000, 0x00000000b9180000, 0x00000000d5580000)
  object space 935424K, 99% used [0x0000000080000000,0x00000000b8f664e8,0x00000000b9180000)
 Metaspace       used 78035K, committed 79808K, reserved 1179648K
  class space    used 8270K, committed 9024K, reserved 1048576K
}
Event: 1627.598 GC heap before
{Heap before GC invocations=1502 (full 3):
 PSYoungGen      total 6656K, used 6463K [0x00000000d5580000, 0x00000000d5c80000, 0x0000000100000000)
  eden space 6144K, 99% used [0x00000000d5580000,0x00000000d5b7ff68,0x00000000d5b80000)
  from space 512K, 62% used [0x00000000d5c00000,0x00000000d5c50000,0x00000000d5c80000)
  to   space 512K, 0% used [0x00000000d5b80000,0x00000000d5b80000,0x00000000d5c00000)
 ParOldGen       total 967168K, used 963993K [0x0000000080000000, 0x00000000bb080000, 0x00000000d5580000)
  object space 967168K, 99% used [0x0000000080000000,0x00000000bad66518,0x00000000bb080000)
 Metaspace       used 78050K, committed 79808K, reserved 1179648K
  class space    used 8270K, committed 9024K, reserved 1048576K
}
Event: 1627.600 GC heap after
{Heap after GC invocations=1502 (full 3):
 PSYoungGen      total 6656K, used 256K [0x00000000d5580000, 0x00000000d5c80000, 0x0000000100000000)
  eden space 6144K, 0% used [0x00000000d5580000,0x00000000d5580000,0x00000000d5b80000)
  from space 512K, 50% used [0x00000000d5b80000,0x00000000d5bc0000,0x00000000d5c00000)
  to   space 512K, 0% used [0x00000000d5c00000,0x00000000d5c00000,0x00000000d5c80000)
 ParOldGen       total 967168K, used 964073K [0x0000000080000000, 0x00000000bb080000, 0x00000000d5580000)
  object space 967168K, 99% used [0x0000000080000000,0x00000000bad7a528,0x00000000bb080000)
 Metaspace       used 78050K, committed 79808K, reserved 1179648K
  class space    used 8270K, committed 9024K, reserved 1048576K
}
Event: 1632.550 GC heap before
{Heap before GC invocations=1503 (full 3):
 PSYoungGen      total 6656K, used 6400K [0x00000000d5580000, 0x00000000d5c80000, 0x0000000100000000)
  eden space 6144K, 100% used [0x00000000d5580000,0x00000000d5b80000,0x00000000d5b80000)
  from space 512K, 50% used [0x00000000d5b80000,0x00000000d5bc0000,0x00000000d5c00000)
  to   space 512K, 0% used [0x00000000d5c00000,0x00000000d5c00000,0x00000000d5c80000)
 ParOldGen       total 998912K, used 994793K [0x0000000080000000, 0x00000000bcf80000, 0x00000000d5580000)
  object space 998912K, 99% used [0x0000000080000000,0x00000000bcb7a558,0x00000000bcf80000)
 Metaspace       used 78104K, committed 79872K, reserved 1179648K
  class space    used 8270K, committed 9024K, reserved 1048576K
}
Event: 1632.552 GC heap after
{Heap after GC invocations=1503 (full 3):
 PSYoungGen      total 6656K, used 416K [0x00000000d5580000, 0x00000000d5c80000, 0x0000000100000000)
  eden space 6144K, 0% used [0x00000000d5580000,0x00000000d5580000,0x00000000d5b80000)
  from space 512K, 81% used [0x00000000d5c00000,0x00000000d5c68020,0x00000000d5c80000)
  to   space 512K, 0% used [0x00000000d5b80000,0x00000000d5b80000,0x00000000d5c00000)
 ParOldGen       total 998912K, used 994857K [0x0000000080000000, 0x00000000bcf80000, 0x00000000d5580000)
  object space 998912K, 99% used [0x0000000080000000,0x00000000bcb8a558,0x00000000bcf80000)
 Metaspace       used 78104K, committed 79872K, reserved 1179648K
  class space    used 8270K, committed 9024K, reserved 1048576K
}

Dll operation events (14 events):
Event: 0.010 Loaded shared library c:\Users\renji\.vscode\extensions\redhat.java-1.50.0-win32-x64\jre\21.0.9-win32-x86_64\bin\java.dll
Event: 0.135 Loaded shared library c:\Users\renji\.vscode\extensions\redhat.java-1.50.0-win32-x64\jre\21.0.9-win32-x86_64\bin\zip.dll
Event: 0.163 Loaded shared library C:\Users\renji\.vscode\extensions\redhat.java-1.50.0-win32-x64\jre\21.0.9-win32-x86_64\bin\instrument.dll
Event: 0.175 Loaded shared library C:\Users\renji\.vscode\extensions\redhat.java-1.50.0-win32-x64\jre\21.0.9-win32-x86_64\bin\net.dll
Event: 0.183 Loaded shared library C:\Users\renji\.vscode\extensions\redhat.java-1.50.0-win32-x64\jre\21.0.9-win32-x86_64\bin\nio.dll
Event: 0.187 Loaded shared library C:\Users\renji\.vscode\extensions\redhat.java-1.50.0-win32-x64\jre\21.0.9-win32-x86_64\bin\zip.dll
Event: 0.206 Loaded shared library C:\Users\renji\.vscode\extensions\redhat.java-1.50.0-win32-x64\jre\21.0.9-win32-x86_64\bin\jimage.dll
Event: 0.281 Loaded shared library c:\Users\renji\.vscode\extensions\redhat.java-1.50.0-win32-x64\jre\21.0.9-win32-x86_64\bin\verify.dll
Event: 1.363 Loaded shared library C:\Users\renji\AppData\Roaming\Code\User\globalStorage\redhat.java\1.50.0\config_win\org.eclipse.equinox.launcher\org.eclipse.equinox.launcher.win32.win32.x86_64_1.2.1400.v20250801-0854\eclipse_11916.dll
Event: 2.533 Loaded shared library C:\Users\renji\.vscode\extensions\redhat.java-1.50.0-win32-x64\jre\21.0.9-win32-x86_64\bin\management.dll
Event: 2.537 Loaded shared library C:\Users\renji\.vscode\extensions\redhat.java-1.50.0-win32-x64\jre\21.0.9-win32-x86_64\bin\management_ext.dll
Event: 3.840 Loaded shared library C:\Users\renji\AppData\Local\Temp\jna-108399386\jna2585917176766762283.dll
Event: 4.012 Loaded shared library C:\Users\renji\.vscode\extensions\redhat.java-1.50.0-win32-x64\jre\21.0.9-win32-x86_64\bin\sunmscapi.dll
Event: 4.250 Loaded shared library C:\Users\renji\.vscode\extensions\redhat.java-1.50.0-win32-x64\jre\21.0.9-win32-x86_64\bin\extnet.dll

Deoptimization events (20 events):
Event: 1628.741 Thread 0x000001f869e0fba0 Uncommon trap: trap_request=0xffffffbe fr.pc=0x000001f8583960ac relative=0x00000000000017cc
Event: 1628.741 Thread 0x000001f869e0fba0 Uncommon trap: reason=profile_predicate action=maybe_recompile pc=0x000001f8583960ac method=org.eclipse.core.internal.dtree.AbstractDataTreeNode.assembleWith([Lorg/eclipse/core/internal/dtree/AbstractDataTreeNode;[Lorg/eclipse/core/internal/dtree/Abstract
Event: 1628.741 Thread 0x000001f869e0fba0 DEOPT PACKING pc=0x000001f8583960ac sp=0x0000002054ffe7c0
Event: 1628.741 Thread 0x000001f869e0fba0 DEOPT UNPACKING pc=0x000001f8572a6da2 sp=0x0000002054ffe788 mode 2
Event: 1628.741 Thread 0x000001f869e0fba0 Uncommon trap: trap_request=0xffffffbe fr.pc=0x000001f8583960ac relative=0x00000000000017cc
Event: 1628.741 Thread 0x000001f869e0fba0 Uncommon trap: reason=profile_predicate action=maybe_recompile pc=0x000001f8583960ac method=org.eclipse.core.internal.dtree.AbstractDataTreeNode.assembleWith([Lorg/eclipse/core/internal/dtree/AbstractDataTreeNode;[Lorg/eclipse/core/internal/dtree/Abstract
Event: 1628.741 Thread 0x000001f869e0fba0 DEOPT PACKING pc=0x000001f8583960ac sp=0x0000002054ffe5b0
Event: 1628.742 Thread 0x000001f869e0fba0 DEOPT UNPACKING pc=0x000001f8572a6da2 sp=0x0000002054ffe578 mode 2
Event: 1632.560 Thread 0x000001f869e11c70 DEOPT PACKING pc=0x000001f85157fe2d sp=0x0000002054efd470
Event: 1632.560 Thread 0x000001f869e11c70 DEOPT UNPACKING pc=0x000001f8572a78e2 sp=0x0000002054efc928 mode 0
Event: 1919.087 Thread 0x000001f86b2659d0 Uncommon trap: trap_request=0xffffff45 fr.pc=0x000001f85812ff00 relative=0x0000000000004300
Event: 1919.088 Thread 0x000001f86b2659d0 Uncommon trap: reason=unstable_if action=reinterpret pc=0x000001f85812ff00 method=org.eclipse.m2e.core.internal.project.registry.ProjectRegistryReader$2.replaceObject(Ljava/lang/Object;)Ljava/lang/Object; @ 25 c2
Event: 1919.088 Thread 0x000001f86b2659d0 DEOPT PACKING pc=0x000001f85812ff00 sp=0x00000020520fe6b0
Event: 1919.088 Thread 0x000001f86b2659d0 DEOPT UNPACKING pc=0x000001f8572a6da2 sp=0x00000020520fe618 mode 2
Event: 1919.117 Thread 0x000001f86b2659d0 DEOPT PACKING pc=0x000001f850d6ac7b sp=0x00000020520fd820
Event: 1919.117 Thread 0x000001f86b2659d0 DEOPT UNPACKING pc=0x000001f8572a78e2 sp=0x00000020520fcce0 mode 0
Event: 1919.117 Thread 0x000001f86b2659d0 DEOPT PACKING pc=0x000001f850d6b75b sp=0x00000020520fd790
Event: 1919.118 Thread 0x000001f86b2659d0 DEOPT UNPACKING pc=0x000001f8572a78e2 sp=0x00000020520fcc58 mode 0
Event: 1919.123 Thread 0x000001f86b2659d0 DEOPT PACKING pc=0x000001f850d6b75b sp=0x00000020520fd790
Event: 1919.123 Thread 0x000001f86b2659d0 DEOPT UNPACKING pc=0x000001f8572a78e2 sp=0x00000020520fcc58 mode 0

Classes loaded (20 events):
Event: 1610.151 Loading class java/lang/UnsupportedClassVersionError
Event: 1610.151 Loading class java/lang/UnsupportedClassVersionError done
Event: 1611.010 Loading class javax/xml/transform/TransformerConfigurationException
Event: 1611.011 Loading class javax/xml/transform/TransformerConfigurationException done
Event: 1611.022 Loading class java/util/LinkedList$LLSpliterator
Event: 1611.023 Loading class java/util/LinkedList$LLSpliterator done
Event: 1611.072 Loading class jdk/internal/ref/CleanerImpl$InnocuousThreadFactory
Event: 1611.072 Loading class jdk/internal/ref/CleanerImpl$InnocuousThreadFactory done
Event: 1618.675 Loading class org/xml/sax/SAXNotRecognizedException
Event: 1618.676 Loading class org/xml/sax/SAXNotRecognizedException done
Event: 1618.676 Loading class org/xml/sax/SAXNotSupportedException
Event: 1618.676 Loading class org/xml/sax/SAXNotSupportedException done
Event: 1618.679 Loading class com/sun/org/apache/xerces/internal/util/URI
Event: 1618.680 Loading class com/sun/org/apache/xerces/internal/util/URI done
Event: 1618.683 Loading class com/sun/org/apache/xerces/internal/xni/XNIException
Event: 1618.684 Loading class com/sun/org/apache/xerces/internal/xni/XNIException done
Event: 1618.687 Loading class com/sun/org/apache/xerces/internal/xni/parser/XMLParseException
Event: 1618.687 Loading class com/sun/org/apache/xerces/internal/xni/parser/XMLParseException done
Event: 1619.081 Loading class java/nio/BufferMismatch
Event: 1619.082 Loading class java/nio/BufferMismatch done

Classes unloaded (8 events):
Event: 3.218 Thread 0x000001f863593360 Unloading class 0x000001f8011a4800 'java/lang/invoke/LambdaForm$MH+0x000001f8011a4800'
Event: 3.218 Thread 0x000001f863593360 Unloading class 0x000001f8011a4400 'java/lang/invoke/LambdaForm$MH+0x000001f8011a4400'
Event: 3.218 Thread 0x000001f863593360 Unloading class 0x000001f8011a4000 'java/lang/invoke/LambdaForm$MH+0x000001f8011a4000'
Event: 3.218 Thread 0x000001f863593360 Unloading class 0x000001f8011a3c00 'java/lang/invoke/LambdaForm$MH+0x000001f8011a3c00'
Event: 3.218 Thread 0x000001f863593360 Unloading class 0x000001f8011a3800 'java/lang/invoke/LambdaForm$BMH+0x000001f8011a3800'
Event: 3.218 Thread 0x000001f863593360 Unloading class 0x000001f8011a3400 'java/lang/invoke/LambdaForm$DMH+0x000001f8011a3400'
Event: 3.218 Thread 0x000001f863593360 Unloading class 0x000001f8011a2000 'java/lang/invoke/LambdaForm$DMH+0x000001f8011a2000'
Event: 9.451 Thread 0x000001f863593360 Unloading class 0x000001f80166c800 'java/lang/invoke/LambdaForm$DMH+0x000001f80166c800'

Classes redefined (0 events):
No events

Internal exceptions (20 events):
Event: 1616.238 Thread 0x000001f86b268130 Exception <a 'sun/nio/fs/WindowsException'{0x00000000d572ae68}> (0x00000000d572ae68) 
thrown [s\src\hotspot\share\prims\jni.cpp, line 520]
Event: 1616.239 Thread 0x000001f86b268130 Exception <a 'sun/nio/fs/WindowsException'{0x00000000d572b748}> (0x00000000d572b748) 
thrown [s\src\hotspot\share\prims\jni.cpp, line 520]
Event: 1616.253 Thread 0x000001f86b268130 Exception <a 'sun/nio/fs/WindowsException'{0x00000000d5b23818}> (0x00000000d5b23818) 
thrown [s\src\hotspot\share\prims\jni.cpp, line 520]
Event: 1616.253 Thread 0x000001f86b268130 Exception <a 'sun/nio/fs/WindowsException'{0x00000000d5b240f8}> (0x00000000d5b240f8) 
thrown [s\src\hotspot\share\prims\jni.cpp, line 520]
Event: 1616.267 Thread 0x000001f86b268130 Exception <a 'sun/nio/fs/WindowsException'{0x00000000d58bbf20}> (0x00000000d58bbf20) 
thrown [s\src\hotspot\share\prims\jni.cpp, line 520]
Event: 1616.267 Thread 0x000001f86b268130 Exception <a 'sun/nio/fs/WindowsException'{0x00000000d58bc800}> (0x00000000d58bc800) 
thrown [s\src\hotspot\share\prims\jni.cpp, line 520]
Event: 1617.996 Thread 0x000001f86b268130 Exception <a 'java/lang/NullPointerException'{0x00000000d5b7b5f8}> (0x00000000d5b7b5f8) 
thrown [s\src\hotspot\share\interpreter\linkResolver.cpp, line 1372]
Event: 1617.997 Thread 0x000001f86b268130 Exception <a 'java/lang/NullPointerException'{0x00000000d5b7bd88}> (0x00000000d5b7bd88) 
thrown [s\src\hotspot\share\interpreter\linkResolver.cpp, line 1372]
Event: 1617.997 Thread 0x000001f86b268130 Exception <a 'java/lang/NullPointerException'{0x00000000d5b7c5f0}> (0x00000000d5b7c5f0) 
thrown [s\src\hotspot\share\interpreter\linkResolver.cpp, line 1372]
Event: 1617.997 Thread 0x000001f86b268130 Exception <a 'java/lang/NullPointerException'{0x00000000d5b7d948}> (0x00000000d5b7d948) 
thrown [s\src\hotspot\share\interpreter\linkResolver.cpp, line 1372]
Event: 1618.000 Thread 0x000001f86b268130 Exception <a 'java/lang/NullPointerException'{0x00000000d5b84770}> (0x00000000d5b84770) 
thrown [s\src\hotspot\share\interpreter\linkResolver.cpp, line 1372]
Event: 1618.002 Thread 0x000001f86b268130 Exception <a 'java/lang/NullPointerException'{0x00000000d5b88070}> (0x00000000d5b88070) 
thrown [s\src\hotspot\share\interpreter\linkResolver.cpp, line 1372]
Event: 1618.003 Thread 0x000001f86b268130 Exception <a 'java/lang/NullPointerException'{0x00000000d5b88838}> (0x00000000d5b88838) 
thrown [s\src\hotspot\share\interpreter\linkResolver.cpp, line 1372]
Event: 1618.005 Thread 0x000001f86b268130 Exception <a 'java/lang/NullPointerException'{0x00000000d5b8fe58}> (0x00000000d5b8fe58) 
thrown [s\src\hotspot\share\interpreter\linkResolver.cpp, line 1372]
Event: 1618.421 Thread 0x000001f86b268130 Exception <a 'sun/nio/fs/WindowsException'{0x00000000d584b4c0}> (0x00000000d584b4c0) 
thrown [s\src\hotspot\share\prims\jni.cpp, line 520]
Event: 1618.421 Thread 0x000001f86b268130 Exception <a 'sun/nio/fs/WindowsException'{0x00000000d584bda0}> (0x00000000d584bda0) 
thrown [s\src\hotspot\share\prims\jni.cpp, line 520]
Event: 1618.657 Thread 0x000001f869e0fba0 Exception <a 'java/lang/NoSuchMethodError'{0x00000000d5910cc8}: 'java.lang.Object java.lang.invoke.DirectMethodHandle$Holder.invokeStatic(java.lang.Object, java.lang.Object, int, java.lang.Object)'> (0x00000000d5910cc8) 
thrown [s\src\hotspot\share\interpreter\linkResolver.cpp, line 773]
Event: 1618.926 Thread 0x000001f86b2659d0 Exception <a 'java/lang/NoSuchMethodError'{0x00000000d55f6db0}: 'int java.lang.invoke.DirectMethodHandle$Holder.invokeStatic(java.lang.Object, java.lang.Object, java.lang.Object, java.lang.Object, java.lang.Object, java.lang.Object)'> (0x00000000d55f6db0) 
thrown [s\src\hotspot\share\interpreter\linkResolver.cpp, line 773]
Event: 1919.035 Thread 0x000001f86b2659d0 Exception <a 'sun/nio/fs/WindowsException'{0x00000000d5900448}> (0x00000000d5900448) 
thrown [s\src\hotspot\share\prims\jni.cpp, line 520]
Event: 1919.036 Thread 0x000001f86b2659d0 Exception <a 'sun/nio/fs/WindowsException'{0x00000000d5900d10}> (0x00000000d5900d10) 
thrown [s\src\hotspot\share\prims\jni.cpp, line 520]

ZGC Phase Switch (0 events):
No events

VM Operations (20 events):
Event: 14251.800 Executing VM operation: HandshakeAllThreads (HandshakeForDeflation)
Event: 14251.800 Executing VM operation: HandshakeAllThreads (HandshakeForDeflation) done
Event: 14251.800 Executing VM operation: RendezvousGCThreads
Event: 14251.800 Executing VM operation: RendezvousGCThreads done
Event: 14311.983 Executing VM operation: HandshakeAllThreads (HandshakeForDeflation)
Event: 14311.983 Executing VM operation: HandshakeAllThreads (HandshakeForDeflation) done
Event: 14311.983 Executing VM operation: RendezvousGCThreads
Event: 14311.983 Executing VM operation: RendezvousGCThreads done
Event: 14372.002 Executing VM operation: HandshakeAllThreads (HandshakeForDeflation)
Event: 14372.002 Executing VM operation: HandshakeAllThreads (HandshakeForDeflation) done
Event: 14372.003 Executing VM operation: RendezvousGCThreads
Event: 14372.003 Executing VM operation: RendezvousGCThreads done
Event: 14432.045 Executing VM operation: HandshakeAllThreads (HandshakeForDeflation)
Event: 14432.045 Executing VM operation: HandshakeAllThreads (HandshakeForDeflation) done
Event: 14432.045 Executing VM operation: RendezvousGCThreads
Event: 14432.045 Executing VM operation: RendezvousGCThreads done
Event: 14492.140 Executing VM operation: HandshakeAllThreads (HandshakeForDeflation)
Event: 14492.140 Executing VM operation: HandshakeAllThreads (HandshakeForDeflation) done
Event: 14492.140 Executing VM operation: RendezvousGCThreads
Event: 14492.140 Executing VM operation: RendezvousGCThreads done

Memory protections (0 events):
No events

Nmethod flushes (20 events):
Event: 9.464 Thread 0x000001f863593360 flushing  nmethod 0x000001f8504c8010
Event: 9.464 Thread 0x000001f863593360 flushing  nmethod 0x000001f8504cea10
Event: 9.464 Thread 0x000001f863593360 flushing  nmethod 0x000001f8504cfd10
Event: 9.464 Thread 0x000001f863593360 flushing  nmethod 0x000001f8504d6410
Event: 9.464 Thread 0x000001f863593360 flushing  nmethod 0x000001f8504dde90
Event: 9.464 Thread 0x000001f863593360 flushing  nmethod 0x000001f8504e3f10
Event: 9.464 Thread 0x000001f863593360 flushing  nmethod 0x000001f850501d90
Event: 9.464 Thread 0x000001f863593360 flushing  nmethod 0x000001f85050b490
Event: 9.464 Thread 0x000001f863593360 flushing  nmethod 0x000001f85050d090
Event: 9.464 Thread 0x000001f863593360 flushing  nmethod 0x000001f85050d790
Event: 9.464 Thread 0x000001f863593360 flushing  nmethod 0x000001f85050e010
Event: 9.464 Thread 0x000001f863593360 flushing  nmethod 0x000001f85050e610
Event: 9.464 Thread 0x000001f863593360 flushing  nmethod 0x000001f850514610
Event: 9.464 Thread 0x000001f863593360 flushing  nmethod 0x000001f85052d710
Event: 9.464 Thread 0x000001f863593360 flushing  nmethod 0x000001f850531c10
Event: 9.464 Thread 0x000001f863593360 flushing  nmethod 0x000001f850539590
Event: 9.464 Thread 0x000001f863593360 flushing  nmethod 0x000001f850550f10
Event: 9.464 Thread 0x000001f863593360 flushing  nmethod 0x000001f850584b10
Event: 9.464 Thread 0x000001f863593360 flushing  nmethod 0x000001f85059c810
Event: 9.464 Thread 0x000001f863593360 flushing  nmethod 0x000001f8505ae510

Events (20 events):
Event: 1618.865 Thread 0x000001f86de39970 Thread exited: 0x000001f86de39970
Event: 1619.136 Thread 0x000001f869acd840 Thread added: 0x000001f86b263900
Event: 1621.564 Thread 0x000001f8635a5870 Thread added: 0x000001f8699060a0
Event: 1626.581 Thread 0x000001f8699060a0 Thread exited: 0x000001f8699060a0
Event: 1678.432 Thread 0x000001f86b268130 Thread exited: 0x000001f86b268130
Event: 1692.608 Thread 0x000001f869e11c70 Thread exited: 0x000001f869e11c70
Event: 1692.608 Thread 0x000001f869acd840 Thread exited: 0x000001f869acd840
Event: 1738.434 Thread 0x000001f86b2694e0 Thread exited: 0x000001f86b2694e0
Event: 1752.606 Thread 0x000001f86b263900 Thread exited: 0x000001f86b263900
Event: 1798.442 Thread 0x000001f86b268e50 Thread exited: 0x000001f86b268e50
Event: 1858.445 Thread 0x000001f86b2687c0 Thread exited: 0x000001f86b2687c0
Event: 1918.451 Thread 0x000001f86b262550 Thread exited: 0x000001f86b262550
Event: 1918.958 Thread 0x000001f86b2659d0 Thread added: 0x000001f86b263900
Event: 1918.970 Thread 0x000001f86b263900 Thread exited: 0x000001f86b263900
Event: 1919.046 Thread 0x000001f86b2659d0 Thread added: 0x000001f86b268130
Event: 1919.047 Thread 0x000001f86b268130 Thread exited: 0x000001f86b268130
Event: 1919.123 Thread 0x000001f8635a5870 Thread added: 0x000001f86da2f5a0
Event: 1919.402 Thread 0x000001f86da2f5a0 Thread exited: 0x000001f86da2f5a0
Event: 1978.460 Thread 0x000001f86b262be0 Thread exited: 0x000001f86b262be0
Event: 2038.802 Thread 0x000001f86b267aa0 Thread exited: 0x000001f86b267aa0


Dynamic libraries:
0x00007ff7a4fc0000 - 0x00007ff7a4fce000 	c:\Users\renji\.vscode\extensions\redhat.java-1.50.0-win32-x64\jre\21.0.9-win32-x86_64\bin\java.exe
0x00007ff980310000 - 0x00007ff980528000 	C:\WINDOWS\SYSTEM32\ntdll.dll
0x00007ff9499c0000 - 0x00007ff9499e0000 	C:\Program Files\Avast Software\Avast\aswhook.dll
0x00007ff97f460000 - 0x00007ff97f524000 	C:\WINDOWS\System32\KERNEL32.DLL
0x00007ff97d710000 - 0x00007ff97dae3000 	C:\WINDOWS\System32\KERNELBASE.dll
0x00007ff97daf0000 - 0x00007ff97dc01000 	C:\WINDOWS\System32\ucrtbase.dll
0x00007ff969cb0000 - 0x00007ff969cce000 	c:\Users\renji\.vscode\extensions\redhat.java-1.50.0-win32-x64\jre\21.0.9-win32-x86_64\bin\VCRUNTIME140.dll
0x00007ff974570000 - 0x00007ff974588000 	c:\Users\renji\.vscode\extensions\redhat.java-1.50.0-win32-x64\jre\21.0.9-win32-x86_64\bin\jli.dll
0x00007ff97e0f0000 - 0x00007ff97e2a2000 	C:\WINDOWS\System32\USER32.dll
0x00007ff95f830000 - 0x00007ff95facc000 	C:\WINDOWS\WinSxS\amd64_microsoft.windows.common-controls_6595b64144ccf1df_6.0.22621.6060_none_2712eda17382d24b\COMCTL32.dll
0x00007ff97d6e0000 - 0x00007ff97d706000 	C:\WINDOWS\System32\win32u.dll
0x00007ff97f200000 - 0x00007ff97f2a7000 	C:\WINDOWS\System32\msvcrt.dll
0x00007ff97f530000 - 0x00007ff97f559000 	C:\WINDOWS\System32\GDI32.dll
0x00007ff97dd50000 - 0x00007ff97de6b000 	C:\WINDOWS\System32\gdi32full.dll
0x00007ff97d4d0000 - 0x00007ff97d56a000 	C:\WINDOWS\System32\msvcp_win.dll
0x00007ff97e770000 - 0x00007ff97e7a1000 	C:\WINDOWS\System32\IMM32.DLL
0x00007ff976060000 - 0x00007ff97606c000 	c:\Users\renji\.vscode\extensions\redhat.java-1.50.0-win32-x64\jre\21.0.9-win32-x86_64\bin\vcruntime140_1.dll
0x00007ff9337b0000 - 0x00007ff93383d000 	c:\Users\renji\.vscode\extensions\redhat.java-1.50.0-win32-x64\jre\21.0.9-win32-x86_64\bin\msvcp140.dll
0x00007ff8b17f0000 - 0x00007ff8b2590000 	c:\Users\renji\.vscode\extensions\redhat.java-1.50.0-win32-x64\jre\21.0.9-win32-x86_64\bin\server\jvm.dll
0x00007ff97dfb0000 - 0x00007ff97e061000 	C:\WINDOWS\System32\ADVAPI32.dll
0x00007ff97f0d0000 - 0x00007ff97f178000 	C:\WINDOWS\System32\sechost.dll
0x00007ff97d4a0000 - 0x00007ff97d4c8000 	C:\WINDOWS\System32\bcrypt.dll
0x00007ff97e2b0000 - 0x00007ff97e3c8000 	C:\WINDOWS\System32\RPCRT4.dll
0x00007ff97e3d0000 - 0x00007ff97e441000 	C:\WINDOWS\System32\WS2_32.dll
0x00007ff976670000 - 0x00007ff97667a000 	C:\WINDOWS\SYSTEM32\VERSION.dll
0x00007ff977b00000 - 0x00007ff977b34000 	C:\WINDOWS\SYSTEM32\WINMM.dll
0x00007ff97d2f0000 - 0x00007ff97d33d000 	C:\WINDOWS\SYSTEM32\POWRPROF.dll
0x00007ff97d2d0000 - 0x00007ff97d2e3000 	C:\WINDOWS\SYSTEM32\UMPDC.dll
0x00007ff97c400000 - 0x00007ff97c418000 	C:\WINDOWS\SYSTEM32\kernel.appcore.dll
0x00007ff969be0000 - 0x00007ff969bea000 	c:\Users\renji\.vscode\extensions\redhat.java-1.50.0-win32-x64\jre\21.0.9-win32-x86_64\bin\jimage.dll
0x00007ff97ac20000 - 0x00007ff97ae53000 	C:\WINDOWS\SYSTEM32\DBGHELP.DLL
0x00007ff97f620000 - 0x00007ff97f9b1000 	C:\WINDOWS\System32\combase.dll
0x00007ff97e4c0000 - 0x00007ff97e598000 	C:\WINDOWS\System32\OLEAUT32.dll
0x00007ff9759b0000 - 0x00007ff9759e2000 	C:\WINDOWS\SYSTEM32\dbgcore.DLL
0x00007ff97d420000 - 0x00007ff97d49b000 	C:\WINDOWS\System32\bcryptPrimitives.dll
0x00007ff969960000 - 0x00007ff96996f000 	c:\Users\renji\.vscode\extensions\redhat.java-1.50.0-win32-x64\jre\21.0.9-win32-x86_64\bin\instrument.dll
0x00007ff969300000 - 0x00007ff969320000 	c:\Users\renji\.vscode\extensions\redhat.java-1.50.0-win32-x64\jre\21.0.9-win32-x86_64\bin\java.dll
0x00007ff97e820000 - 0x00007ff97f0bc000 	C:\WINDOWS\System32\SHELL32.dll
0x00007ff97dc10000 - 0x00007ff97dd4f000 	C:\WINDOWS\System32\wintypes.dll
0x00007ff97b320000 - 0x00007ff97bc3a000 	C:\WINDOWS\SYSTEM32\windows.storage.dll
0x00007ff97f350000 - 0x00007ff97f454000 	C:\WINDOWS\System32\SHCORE.dll
0x00007ff97e450000 - 0x00007ff97e4b9000 	C:\WINDOWS\System32\shlwapi.dll
0x00007ff97d350000 - 0x00007ff97d375000 	C:\WINDOWS\SYSTEM32\profapi.dll
0x00007ff962580000 - 0x00007ff962598000 	c:\Users\renji\.vscode\extensions\redhat.java-1.50.0-win32-x64\jre\21.0.9-win32-x86_64\bin\zip.dll
0x00007ff9694d0000 - 0x00007ff9694e0000 	C:\Users\renji\.vscode\extensions\redhat.java-1.50.0-win32-x64\jre\21.0.9-win32-x86_64\bin\net.dll
0x00007ff979cb0000 - 0x00007ff979ddc000 	C:\WINDOWS\SYSTEM32\WINHTTP.dll
0x00007ff97c8e0000 - 0x00007ff97c949000 	C:\WINDOWS\system32\mswsock.dll
0x00007ff95ca00000 - 0x00007ff95ca16000 	C:\Users\renji\.vscode\extensions\redhat.java-1.50.0-win32-x64\jre\21.0.9-win32-x86_64\bin\nio.dll
0x00007ff9693c0000 - 0x00007ff9693d0000 	c:\Users\renji\.vscode\extensions\redhat.java-1.50.0-win32-x64\jre\21.0.9-win32-x86_64\bin\verify.dll
0x00007ff948550000 - 0x00007ff948594000 	C:\Users\renji\AppData\Roaming\Code\User\globalStorage\redhat.java\1.50.0\config_win\org.eclipse.equinox.launcher\org.eclipse.equinox.launcher.win32.win32.x86_64_1.2.1400.v20250801-0854\eclipse_11916.dll
0x00007ff97e5a0000 - 0x00007ff97e741000 	C:\WINDOWS\System32\ole32.dll
0x00007ff979860000 - 0x00007ff97986a000 	C:\Users\renji\.vscode\extensions\redhat.java-1.50.0-win32-x64\jre\21.0.9-win32-x86_64\bin\management.dll
0x00007ff978e40000 - 0x00007ff978e4c000 	C:\Users\renji\.vscode\extensions\redhat.java-1.50.0-win32-x64\jre\21.0.9-win32-x86_64\bin\management_ext.dll
0x00007ff97f0c0000 - 0x00007ff97f0c8000 	C:\WINDOWS\System32\PSAPI.DLL
0x00007ff97cb30000 - 0x00007ff97cb4b000 	C:\WINDOWS\SYSTEM32\CRYPTSP.dll
0x00007ff97c360000 - 0x00007ff97c397000 	C:\WINDOWS\system32\rsaenh.dll
0x00007ff97c9d0000 - 0x00007ff97c9f8000 	C:\WINDOWS\SYSTEM32\USERENV.dll
0x00007ff97cb50000 - 0x00007ff97cb5c000 	C:\WINDOWS\SYSTEM32\CRYPTBASE.dll
0x00007ff97bea0000 - 0x00007ff97becd000 	C:\WINDOWS\SYSTEM32\IPHLPAPI.DLL
0x00007ff97f2b0000 - 0x00007ff97f2b9000 	C:\WINDOWS\System32\NSI.dll
0x00007ff968b70000 - 0x00007ff968bb9000 	C:\Users\renji\AppData\Local\Temp\jna-108399386\jna2585917176766762283.dll
0x00007ff978d50000 - 0x00007ff978d69000 	C:\WINDOWS\SYSTEM32\dhcpcsvc6.DLL
0x00007ff978b10000 - 0x00007ff978b2f000 	C:\WINDOWS\SYSTEM32\dhcpcsvc.DLL
0x00007ff978600000 - 0x00007ff97860e000 	C:\Users\renji\.vscode\extensions\redhat.java-1.50.0-win32-x64\jre\21.0.9-win32-x86_64\bin\sunmscapi.dll
0x00007ff97d570000 - 0x00007ff97d6d8000 	C:\WINDOWS\System32\CRYPT32.dll
0x00007ff97ccf0000 - 0x00007ff97cd1e000 	C:\WINDOWS\SYSTEM32\ncrypt.dll
0x00007ff97ccb0000 - 0x00007ff97cce7000 	C:\WINDOWS\SYSTEM32\NTASN1.dll
0x00007ff97bf10000 - 0x00007ff97c008000 	C:\WINDOWS\SYSTEM32\DNSAPI.dll
0x00007ff978a40000 - 0x00007ff978a4a000 	C:\Windows\System32\rasadhlp.dll
0x00007ff976830000 - 0x00007ff9768b4000 	C:\WINDOWS\System32\fwpuclnt.dll
0x00007ff978d70000 - 0x00007ff978d79000 	C:\Users\renji\.vscode\extensions\redhat.java-1.50.0-win32-x64\jre\21.0.9-win32-x86_64\bin\extnet.dll

JVMTI agents:
c:\Users\renji\.vscode\extensions\redhat.java-1.50.0-win32-x64\lombok\lombok-1.18.39-4050.jar path:c:\Users\renji\.vscode\extensions\redhat.java-1.50.0-win32-x64\jre\21.0.9-win32-x86_64\bin\instrument.dll, loaded, initialized, instrumentlib options:none

dbghelp: loaded successfully - version: 4.0.5 - missing functions: none
symbol engine: initialized successfully - sym options: 0x614 - pdb path: .;c:\Users\renji\.vscode\extensions\redhat.java-1.50.0-win32-x64\jre\21.0.9-win32-x86_64\bin;C:\WINDOWS\SYSTEM32;C:\Program Files\Avast Software\Avast;C:\WINDOWS\WinSxS\amd64_microsoft.windows.common-controls_6595b64144ccf1df_6.0.22621.6060_none_2712eda17382d24b;c:\Users\renji\.vscode\extensions\redhat.java-1.50.0-win32-x64\jre\21.0.9-win32-x86_64\bin\server;C:\Users\renji\AppData\Roaming\Code\User\globalStorage\redhat.java\1.50.0\config_win\org.eclipse.equinox.launcher\org.eclipse.equinox.launcher.win32.win32.x86_64_1.2.1400.v20250801-0854;C:\Users\renji\AppData\Local\Temp\jna-108399386

VM Arguments:
jvm_args: --add-modules=ALL-SYSTEM --add-opens=java.base/java.util=ALL-UNNAMED --add-opens=java.base/java.lang=ALL-UNNAMED --add-opens=java.base/sun.nio.fs=ALL-UNNAMED -Declipse.application=org.eclipse.jdt.ls.core.id1 -Dosgi.bundles.defaultStartLevel=4 -Declipse.product=org.eclipse.jdt.ls.core.product -Djava.import.generatesMetadataFilesAtProjectRoot=false -DDetectVMInstallationsJob.disabled=true -Dfile.encoding=utf8 -XX:+UseParallelGC -XX:GCTimeRatio=4 -XX:AdaptiveSizePolicyWeight=90 -Dsun.zip.disableMemoryMapping=true -Xmx2G -Xms100m -Xlog:disable -javaagent:c:\Users\renji\.vscode\extensions\redhat.java-1.50.0-win32-x64\lombok\lombok-1.18.39-4050.jar -XX:+HeapDumpOnOutOfMemoryError -XX:HeapDumpPath=c:\Users\renji\AppData\Roaming\Code\User\workspaceStorage\20951a12df773ad762ec7953bd248474\redhat.java -Daether.dependencyCollector.impl=bf 
java_command: c:\Users\renji\.vscode\extensions\redhat.java-1.50.0-win32-x64\server\plugins\org.eclipse.equinox.launcher_1.7.100.v20251111-0406.jar -configuration c:\Users\renji\AppData\Roaming\Code\User\globalStorage\redhat.java\1.50.0\config_win -data c:\Users\renji\AppData\Roaming\Code\User\workspaceStorage\20951a12df773ad762ec7953bd248474\redhat.java\jdt_ws --pipe=\\.\pipe\lsp-11cf0264dda2c3efc3ee2e49fd3f5f46-sock
java_class_path (initial): c:\Users\renji\.vscode\extensions\redhat.java-1.50.0-win32-x64\server\plugins\org.eclipse.equinox.launcher_1.7.100.v20251111-0406.jar
Launcher Type: SUN_STANDARD

[Global flags]
    uintx AdaptiveSizePolicyWeight                 = 90                                        {product} {command line}
     intx CICompilerCount                          = 4                                         {product} {ergonomic}
    uintx GCTimeRatio                              = 4                                         {product} {command line}
     bool HeapDumpOnOutOfMemoryError               = true                                   {manageable} {command line}
    ccstr HeapDumpPath                             = c:\Users\renji\AppData\Roaming\Code\User\workspaceStorage\20951a12df773ad762ec7953bd248474\redhat.java         {manageable} {command line}
   size_t InitialHeapSize                          = 104857600                                 {product} {command line}
   size_t MaxHeapSize                              = 2147483648                                {product} {command line}
   size_t MaxNewSize                               = 715653120                                 {product} {ergonomic}
   size_t MinHeapDeltaBytes                        = 524288                                    {product} {ergonomic}
   size_t MinHeapSize                              = 104857600                                 {product} {command line}
   size_t NewSize                                  = 34603008                                  {product} {ergonomic}
    uintx NonNMethodCodeHeapSize                   = 5839372                                {pd product} {ergonomic}
    uintx NonProfiledCodeHeapSize                  = 122909434                              {pd product} {ergonomic}
   size_t OldSize                                  = 70254592                                  {product} {ergonomic}
    uintx ProfiledCodeHeapSize                     = 122909434                              {pd product} {ergonomic}
    uintx ReservedCodeCacheSize                    = 251658240                              {pd product} {ergonomic}
     bool SegmentedCodeCache                       = true                                      {product} {ergonomic}
   size_t SoftMaxHeapSize                          = 2147483648                             {manageable} {ergonomic}
     bool UseCompressedOops                        = true                           {product lp64_product} {ergonomic}
     bool UseLargePagesIndividualAllocation        = false                                  {pd product} {ergonomic}
     bool UseParallelGC                            = true                                      {product} {command line}

Logging:
Log output configuration:
 #0: stdout all=off uptime,level,tags foldmultilines=false
 #1: stderr all=off uptime,level,tags foldmultilines=false

Release file:
JAVA_VERSION="21.0.9" 
MODULES="java.base java.compiler java.datatransfer java.xml java.prefs java.desktop java.instrument java.logging java.management java.security.sasl java.naming java.rmi java.management.rmi java.net.http java.scripting java.security.jgss java.transaction.xa java.sql java.sql.rowset java.xml.crypto java.se java.smartcardio jdk.accessibility jdk.internal.jvmstat jdk.attach jdk.charsets jdk.internal.opt jdk.zipfs jdk.compiler jdk.crypto.ec jdk.crypto.cryptoki jdk.crypto.mscapi jdk.dynalink jdk.internal.ed jdk.editpad jdk.hotspot.agent jdk.httpserver jdk.internal.le jdk.internal.vm.ci jdk.internal.vm.compiler jdk.internal.vm.compiler.management jdk.jartool jdk.javadoc jdk.jcmd jdk.management jdk.management.agent jdk.jconsole jdk.jdeps jdk.jdwp.agent jdk.jdi jdk.jfr jdk.jshell jdk.jsobject jdk.jstatd jdk.localedata jdk.management.jfr jdk.naming.dns jdk.naming.rmi jdk.net jdk.nio.mapmode jdk.random jdk.sctp jdk.security.auth jdk.security.jgss jdk.unsupported jdk.unsupported.desktop jdk.xml.dom" 

Environment Variables:
PATH=C:\Program Files (x86)\Common Files\Intel\Shared Libraries\redist\intel64\compiler;C:\Program Files\Common Files\Oracle\Java\javapath;C:\WINDOWS\system32;C:\WINDOWS;C:\WINDOWS\System32\Wbem;C:\WINDOWS\System32\WindowsPowerShell\v1.0\;C:\WINDOWS\System32\OpenSSH\;C:\Program Files\nodejs\;C:\Program Files\Git\cmd;C:\Program Files\MySQL\MySQL Shell 8.0\bin\;C:\Users\renji\AppData\Local\Programs\Python\Python312\Scripts\;C:\Users\renji\AppData\Local\Programs\Python\Python312\;C:\Users\renji\AppData\Local\Microsoft\WindowsApps;C:\Users\renji\AppData\Local\Programs\mongosh\;C:\Users\renji\AppData\Roaming\npm;C:\Users\renji\AppData\Local\Programs\Microsoft VS Code\bin
USERNAME=renji
OS=Windows_NT
PROCESSOR_IDENTIFIER=Intel64 Family 6 Model 140 Stepping 1, GenuineIntel
TMP=C:\Users\renji\AppData\Local\Temp
TEMP=C:\Users\renji\AppData\Local\Temp




Periodic native trim disabled

---------------  S Y S T E M  ---------------

OS:
 Windows 11 , 64 bit Build 22621 (10.0.22621.5415)
OS uptime: 21 days 8:30 hours

CPU: total 8 (initial active 8) (4 cores per cpu, 2 threads per core) family 6 model 140 stepping 1 microcode 0x66, cx8, cmov, fxsr, ht, mmx, 3dnowpref, sse, sse2, sse3, ssse3, sse4.1, sse4.2, popcnt, lzcnt, tsc, tscinvbit, avx, avx2, aes, erms, clmul, bmi1, bmi2, adx, avx512f, avx512dq, avx512cd, avx512bw, avx512vl, sha, fma, vzeroupper, avx512_vpopcntdq, avx512_vpclmulqdq, avx512_vaes, avx512_vnni, clflush, clflushopt, clwb, avx512_vbmi2, avx512_vbmi, rdtscp, rdpid, fsrm, gfni, avx512_bitalg, f16c, pku, cet_ibt, cet_ss, avx512_ifma
Processor Information for the first 8 processors :
  Max Mhz: 2419, Current Mhz: 2419, Mhz Limit: 2419

Memory: 4k page, system-wide physical 7991M (359M free)
TotalPageFile size 30370M (AvailPageFile size 0M)
current process WorkingSet (physical memory assigned to process): 19M, peak: 497M
current process commit charge ("private bytes"): 1321M, peak: 1322M

vm_info: OpenJDK 64-Bit Server VM (21.0.9+10-LTS) for windows-amd64 JRE (21.0.9+10-LTS), built on 2025-10-21T00:00:00Z by "admin" with unknown MS VC++:1942

END.
